<?xml version="1.0" encoding="UTF-8"?>
<testng-results skipped="0" failed="1" ignored="0" total="2" passed="1">
  <reporter-output>
  </reporter-output>
  <suite name="Suite" duration-ms="117396" started-at="2020-03-09T20:22:15 IST" finished-at="2020-03-09T20:24:13 IST">
    <groups>
    </groups>
    <test name="Test" duration-ms="117396" started-at="2020-03-09T20:22:15 IST" finished-at="2020-03-09T20:24:13 IST">
      <class name="stayPagesTests.StayPagesSearchTest">
        <test-method status="PASS" signature="setUp()[pri:0, instance:stayPagesTests.StayPagesSearchTest@3d8314f0]" name="setUp" is-config="true" duration-ms="73985" started-at="2020-03-09T20:22:17 IST" finished-at="2020-03-09T20:23:31 IST">
          <reporter-output>
          </reporter-output>
        </test-method> <!-- setUp -->
        <test-method status="PASS" signature="isTextFieldEnabled()[pri:0, instance:stayPagesTests.StayPagesSearchTest@3d8314f0]" name="isTextFieldEnabled" duration-ms="216" started-at="2020-03-09T20:23:31 IST" finished-at="2020-03-09T20:23:31 IST">
          <reporter-output>
          </reporter-output>
        </test-method> <!-- isTextFieldEnabled -->
        <test-method status="FAIL" signature="validatingLandingPage()[pri:0, instance:stayPagesTests.StayPagesSearchTest@3d8314f0]" name="validatingLandingPage" duration-ms="13012" started-at="2020-03-09T20:23:31 IST" finished-at="2020-03-09T20:23:44 IST">
          <exception class="java.lang.AssertionError">
            <message>
              <![CDATA[expected [Find deals on hotels, homes, and much ...] but found [Find deals on hotels, homes, and much more...]]]>
            </message>
            <full-stacktrace>
              <![CDATA[java.lang.AssertionError: expected [Find deals on hotels, homes, and much ...] but found [Find deals on hotels, homes, and much more...]
at org.testng.Assert.fail(Assert.java:97)
at org.testng.Assert.assertEqualsImpl(Assert.java:136)
at org.testng.Assert.assertEquals(Assert.java:118)
at org.testng.Assert.assertEquals(Assert.java:575)
at org.testng.Assert.assertEquals(Assert.java:585)
at stayPagesTests.StayPagesSearchTest.validatingLandingPage(StayPagesSearchTest.java:21)
at sun.reflect.NativeMethodAccessorImpl.invoke0(Native Method)
at sun.reflect.NativeMethodAccessorImpl.invoke(Unknown Source)
at sun.reflect.DelegatingMethodAccessorImpl.invoke(Unknown Source)
at java.lang.reflect.Method.invoke(Unknown Source)
at org.testng.internal.MethodInvocationHelper.invokeMethod(MethodInvocationHelper.java:133)
at org.testng.internal.TestInvoker.invokeMethod(TestInvoker.java:584)
at org.testng.internal.TestInvoker.invokeTestMethod(TestInvoker.java:172)
at org.testng.internal.MethodRunner.runInSequence(MethodRunner.java:46)
at org.testng.internal.TestInvoker$MethodInvocationAgent.invoke(TestInvoker.java:804)
at org.testng.internal.TestInvoker.invokeTestMethods(TestInvoker.java:145)
at org.testng.internal.TestMethodWorker.invokeTestMethods(TestMethodWorker.java:146)
at org.testng.internal.TestMethodWorker.run(TestMethodWorker.java:128)
at java.util.ArrayList.forEach(Unknown Source)
at org.testng.TestRunner.privateRun(TestRunner.java:770)
at org.testng.TestRunner.run(TestRunner.java:591)
at org.testng.SuiteRunner.runTest(SuiteRunner.java:402)
at org.testng.SuiteRunner.runSequentially(SuiteRunner.java:396)
at org.testng.SuiteRunner.privateRun(SuiteRunner.java:355)
at org.testng.SuiteRunner.run(SuiteRunner.java:304)
at org.testng.SuiteRunnerWorker.runSuite(SuiteRunnerWorker.java:53)
at org.testng.SuiteRunnerWorker.run(SuiteRunnerWorker.java:96)
at org.testng.TestNG.runSuitesSequentially(TestNG.java:1180)
at org.testng.TestNG.runSuitesLocally(TestNG.java:1102)
at org.testng.TestNG.runSuites(TestNG.java:1032)
at org.testng.TestNG.run(TestNG.java:1000)
at org.testng.remote.AbstractRemoteTestNG.run(AbstractRemoteTestNG.java:115)
at org.testng.remote.RemoteTestNG.initAndRun(RemoteTestNG.java:251)
at org.testng.remote.RemoteTestNG.main(RemoteTestNG.java:77)
]]>
            </full-stacktrace>
          </exception> <!-- java.lang.AssertionError -->
          <reporter-output>
          </reporter-output>
        </test-method> <!-- validatingLandingPage -->
        <test-method status="PASS" signature="tearDown()[pri:0, instance:stayPagesTests.StayPagesSearchTest@3d8314f0]" name="tearDown" is-config="true" duration-ms="28326" started-at="2020-03-09T20:23:44 IST" finished-at="2020-03-09T20:24:13 IST">
          <reporter-output>
          </reporter-output>
        </test-method> <!-- tearDown -->
      </class> <!-- stayPagesTests.StayPagesSearchTest -->
    </test> <!-- Test -->
  </suite> <!-- Suite -->
</testng-results>
