<?xml version="1.0" encoding="UTF-8"?>
<!-- Generated by org.testng.reporters.JUnitXMLReporter -->
<testsuite hostname="DESKTOP-EI72NDD" ignored="0" name="Test" tests="2" failures="1" timestamp="2020-03-09T20:24:13 IST" time="117.396" errors="0">
  <testcase name="isTextFieldEnabled" time="0.216" classname="stayPagesTests.StayPagesSearchTest"/>
  <testcase name="validatingLandingPage" time="13.012" classname="stayPagesTests.StayPagesSearchTest">
    <failure type="java.lang.AssertionError" message="expected [Find deals on hotels, homes, and much ...] but found [Find deals on hotels, homes, and much more...]">
      <![CDATA[java.lang.AssertionError: expected [Find deals on hotels, homes, and much ...] but found [Find deals on hotels, homes, and much more...]
at stayPagesTests.StayPagesSearchTest.validatingLandingPage(StayPagesSearchTest.java:21)
at java.util.ArrayList.forEach(Unknown Source)
... Removed 32 stack frames]]>
    </failure>
  </testcase> <!-- validatingLandingPage -->
</testsuite> <!-- Test -->
